SF:lib\app\features\auth\data\datasources\auth_local_data_source.dart
DA:15,1
DA:17,1
DA:19,2
DA:21,2
DA:26,1
DA:28,2
DA:29,2
DA:32,1
DA:34,2
LF:9
LH:9
end_of_record
SF:lib\app\features\auth\data\models\user_model.dart
DA:4,6
DA:9,2
DA:10,2
DA:11,2
DA:12,2
DA:16,2
DA:17,2
DA:18,2
DA:19,2
LF:9
LH:9
end_of_record
SF:lib\app\features\auth\domain\entities\user.dart
DA:7,14
DA:12,1
DA:16,1
DA:17,1
DA:18,0
DA:22,4
DA:23,12
LF:7
LH:6
end_of_record
SF:lib\app\features\auth\data\repositories\auth_repository_impl.dart
DA:9,1
DA:11,1
DA:13,2
DA:14,1
DA:15,2
DA:18,1
DA:22,1
DA:24,2
DA:27,1
DA:29,2
DA:32,1
DA:34,2
DA:36,1
DA:38,1
DA:39,1
DA:42,2
LF:16
LH:16
end_of_record
SF:lib\app\features\auth\domain\usecases\get_current_user.dart
DA:7,1
DA:9,1
DA:10,2
LF:3
LH:3
end_of_record
SF:lib\app\features\auth\domain\usecases\login.dart
DA:7,1
DA:9,1
DA:10,2
LF:3
LH:3
end_of_record
SF:lib\app\features\auth\domain\usecases\logout.dart
DA:6,1
DA:8,1
DA:9,2
LF:3
LH:3
end_of_record
SF:lib\app\features\auth\domain\usecases\update_profile_photo.dart
DA:7,1
DA:9,1
DA:10,2
LF:3
LH:3
end_of_record
SF:lib\app\features\auth\presentation\cubit\auth_cubit.dart
DA:14,2
DA:19,4
DA:21,2
DA:22,4
DA:24,4
DA:26,2
DA:28,4
DA:31,0
DA:35,1
DA:36,2
DA:38,2
DA:39,2
DA:41,3
DA:42,2
DA:46,1
DA:47,2
DA:49,2
DA:50,2
DA:52,0
DA:56,1
DA:57,1
DA:58,1
DA:59,2
DA:61,2
DA:62,2
DA:64,0
DA:65,0
LF:27
LH:23
end_of_record
SF:lib\app\features\auth\presentation\cubit\auth_state.dart
DA:7,6
DA:9,1
DA:10,1
DA:20,4
DA:22,1
DA:23,2
DA:31,2
DA:33,1
DA:34,2
LF:9
LH:9
end_of_record
SF:lib\app\features\recipes\data\datasources\recipe_local_data_source.dart
DA:12,1
DA:14,1
DA:16,2
DA:18,4
DA:20,1
DA:23,1
DA:25,1
DA:27,1
DA:28,1
DA:31,1
DA:33,4
DA:34,2
LF:12
LH:12
end_of_record
SF:lib\app\features\auth\presentation\pages\profile_page.dart
DA:7,3
DA:16,1
DA:18,1
DA:20,1
DA:22,1
DA:35,1
DA:36,1
DA:37,1
DA:39,0
DA:40,1
DA:41,0
DA:42,0
DA:43,0
DA:49,1
DA:50,1
DA:51,1
DA:52,1
DA:54,1
DA:56,1
DA:58,1
DA:59,1
DA:60,1
DA:61,1
DA:64,2
DA:65,0
DA:67,2
DA:75,1
DA:78,1
DA:81,1
DA:87,0
DA:96,1
DA:97,1
DA:106,1
DA:109,1
DA:110,1
DA:116,1
DA:118,1
DA:120,1
DA:160,1
DA:161,1
DA:162,2
DA:166,1
DA:167,1
DA:170,1
DA:171,1
DA:186,0
DA:187,0
DA:193,0
DA:194,0
DA:196,0
DA:199,0
DA:210,0
DA:212,0
DA:214,0
DA:215,0
DA:216,0
DA:217,0
DA:218,0
DA:219,0
DA:220,0
DA:222,0
DA:224,0
DA:226,0
DA:239,0
DA:240,0
DA:241,0
DA:242,0
DA:243,0
DA:248,0
DA:249,0
DA:253,0
DA:257,0
DA:258,0
DA:259,0
DA:260,0
DA:262,0
DA:264,0
DA:268,0
DA:269,0
LF:79
LH:39
end_of_record
SF:lib\app\features\auth\presentation\pages\login_page.dart
DA:7,2
DA:9,1
DA:14,1
DA:16,1
DA:18,1
DA:19,1
DA:21,1
DA:22,1
DA:23,1
DA:24,0
DA:25,0
DA:26,0
DA:32,1
DA:33,1
DA:35,1
DA:38,1
DA:56,1
DA:59,1
DA:61,1
DA:66,1
DA:67,1
DA:72,1
DA:73,1
DA:78,1
DA:79,2
DA:84,2
DA:88,1
DA:89,1
DA:94,1
DA:95,1
DA:100,1
DA:101,1
DA:106,1
DA:110,1
DA:112,1
DA:114,1
DA:116,1
DA:123,1
DA:124,1
DA:126,1
DA:127,2
DA:128,2
DA:131,1
DA:135,1
DA:136,1
DA:140,1
LF:46
LH:43
end_of_record
SF:lib\app\features\recipes\data\datasources\recipe_remote_data_source.dart
DA:12,1
DA:14,1
DA:16,2
DA:17,1
DA:18,1
DA:21,2
DA:22,2
DA:23,1
DA:25,3
DA:26,1
DA:28,3
LF:11
LH:11
end_of_record
SF:lib\app\features\recipes\data\models\recipe_model.dart
DA:4,5
DA:23,2
DA:24,2
DA:25,2
DA:26,2
DA:27,4
DA:28,4
DA:29,2
DA:30,2
DA:31,2
DA:32,2
DA:33,2
DA:34,2
DA:35,4
DA:36,2
DA:37,4
DA:38,2
DA:39,4
DA:40,2
DA:44,1
DA:45,1
DA:46,1
DA:47,1
DA:48,1
DA:49,1
DA:50,1
DA:51,1
DA:52,1
DA:53,1
DA:54,1
DA:55,1
DA:56,1
DA:57,1
DA:58,1
DA:59,1
DA:60,1
DA:61,1
LF:37
LH:37
end_of_record
SF:lib\app\features\recipes\domain\entities\recipe.dart
DA:21,13
DA:40,3
DA:58,3
DA:59,3
DA:60,3
DA:61,3
DA:62,3
DA:63,3
DA:64,3
DA:65,3
DA:66,3
DA:67,3
DA:68,3
DA:69,3
DA:70,3
DA:71,3
DA:72,3
DA:73,3
DA:74,0
DA:78,3
DA:79,3
DA:80,3
DA:81,3
DA:82,3
DA:83,3
DA:84,3
DA:85,3
DA:86,3
DA:87,3
DA:88,3
DA:89,3
DA:90,3
DA:91,3
DA:92,3
DA:93,3
DA:94,3
DA:95,3
LF:37
LH:36
end_of_record
SF:lib\app\features\recipes\data\repositories\recipe_repository_impl.dart
DA:10,1
DA:15,1
DA:17,2
DA:18,2
DA:20,2
DA:21,2
DA:22,1
DA:23,1
DA:26,0
DA:28,0
DA:31,1
DA:33,2
DA:34,1
DA:35,2
LF:14
LH:12
end_of_record
SF:lib\app\features\recipes\domain\usecases\get_bookmarks.dart
DA:6,1
DA:8,1
DA:9,2
LF:3
LH:3
end_of_record
SF:lib\app\features\recipes\domain\usecases\get_recipes.dart
DA:7,1
DA:9,1
DA:10,2
LF:3
LH:3
end_of_record
SF:lib\app\features\recipes\domain\usecases\toggle_bookmark.dart
DA:6,1
DA:8,1
DA:9,2
LF:3
LH:3
end_of_record
SF:lib\app\features\recipes\presentation\cubit\recipe_list_cubit.dart
DA:10,1
DA:13,2
DA:15,1
DA:16,2
DA:18,2
DA:19,2
DA:21,3
DA:25,1
DA:26,1
DA:27,1
DA:29,2
DA:31,3
DA:32,2
DA:33,2
DA:36,1
DA:37,2
DA:39,0
LF:17
LH:16
end_of_record
SF:lib\app\features\recipes\presentation\cubit\recipe_list_state.dart
DA:7,5
DA:9,1
DA:10,1
DA:20,2
DA:22,1
DA:23,2
DA:29,3
DA:31,1
DA:32,2
LF:9
LH:9
end_of_record
SF:lib\app\features\recipes\presentation\pages\recipe_detail_page.dart
DA:10,1
DA:12,1
DA:14,1
DA:16,1
DA:17,1
DA:19,1
DA:23,1
DA:24,1
DA:25,2
DA:27,2
DA:28,1
DA:33,1
DA:35,1
DA:36,1
DA:37,1
DA:39,0
DA:43,1
DA:44,1
DA:46,1
DA:47,1
DA:48,1
DA:49,1
DA:50,2
DA:51,1
DA:52,0
DA:53,0
DA:56,1
DA:57,1
DA:61,1
DA:62,4
DA:72,1
DA:73,1
DA:75,1
DA:77,1
DA:79,1
DA:81,1
DA:82,1
DA:84,1
DA:86,1
DA:88,1
DA:89,2
DA:97,1
DA:98,1
DA:101,1
DA:102,3
DA:109,1
DA:110,3
DA:111,2
DA:118,1
DA:119,2
DA:129,1
DA:131,1
DA:132,1
DA:135,3
DA:137,1
DA:140,3
DA:142,1
DA:145,3
DA:160,5
DA:162,1
DA:164,1
DA:171,1
DA:172,1
DA:184,1
DA:186,1
DA:194,1
DA:195,6
DA:196,2
DA:197,1
DA:198,1
DA:200,1
DA:202,1
DA:203,1
DA:206,1
DA:207,1
DA:216,1
DA:217,1
DA:245,1
DA:251,1
DA:253,1
DA:254,1
DA:257,1
DA:259,1
DA:261,1
DA:262,1
DA:263,2
DA:265,1
DA:266,1
DA:267,2
DA:270,1
DA:271,1
LF:91
LH:88
end_of_record
SF:lib\app\features\recipes\presentation\pages\recipe_list_page.dart
DA:13,2
DA:15,1
DA:17,1
DA:18,1
DA:20,1
DA:22,1
DA:34,1
DA:35,1
DA:36,1
DA:38,1
DA:39,2
DA:41,1
DA:43,1
DA:44,0
DA:45,0
DA:47,0
DA:48,0
DA:52,1
DA:55,1
DA:56,1
DA:66,1
DA:67,1
DA:68,1
DA:69,0
DA:71,1
DA:73,1
DA:74,1
DA:77,1
DA:79,1
DA:80,1
DA:81,0
DA:85,1
DA:86,0
DA:87,0
DA:88,0
DA:89,0
DA:90,0
DA:91,0
DA:94,1
DA:95,1
DA:97,1
DA:100,1
DA:101,1
DA:103,1
DA:104,0
DA:105,1
DA:111,1
DA:112,1
DA:119,1
DA:120,1
DA:121,1
DA:122,1
DA:124,1
DA:125,0
DA:129,1
DA:130,1
DA:132,1
DA:133,0
DA:143,1
DA:144,1
DA:145,0
DA:146,0
DA:148,0
DA:149,0
DA:150,0
DA:152,0
DA:155,0
DA:156,0
DA:159,0
DA:160,0
DA:168,1
DA:176,1
DA:177,1
DA:178,1
DA:179,1
DA:187,1
DA:188,1
DA:189,1
DA:191,1
DA:193,1
DA:196,1
DA:198,4
DA:203,1
DA:204,1
DA:206,2
DA:209,1
DA:210,0
DA:213,1
DA:215,1
DA:216,1
DA:237,1
DA:243,1
DA:245,1
DA:246,1
DA:247,1
DA:250,1
DA:251,1
DA:252,1
DA:253,1
DA:254,2
DA:257,1
DA:258,1
DA:259,1
DA:260,1
DA:261,2
DA:275,1
DA:277,1
DA:279,1
DA:280,0
DA:281,0
DA:283,0
DA:284,0
DA:288,1
DA:289,1
DA:291,1
DA:292,1
DA:293,1
DA:294,1
DA:300,1
DA:302,1
DA:304,1
DA:305,1
DA:306,1
DA:307,1
DA:308,1
DA:310,1
DA:311,2
DA:313,0
DA:314,0
DA:321,1
DA:324,1
DA:326,1
DA:327,1
DA:328,1
DA:330,1
DA:332,1
DA:335,1
DA:336,3
DA:348,1
DA:351,1
DA:352,0
DA:353,0
DA:355,1
DA:361,1
DA:362,2
DA:364,3
DA:373,1
DA:375,1
DA:377,1
DA:378,1
DA:379,2
DA:380,1
DA:381,1
DA:388,1
DA:389,2
DA:400,1
DA:402,1
DA:403,1
DA:404,1
DA:405,2
DA:407,1
DA:408,6
DA:409,2
DA:413,1
DA:414,2
DA:415,1
DA:416,4
DA:417,1
DA:418,0
DA:419,0
DA:420,0
DA:444,1
DA:452,1
DA:454,1
DA:455,1
DA:456,1
DA:457,1
DA:458,1
DA:459,1
DA:460,3
LF:180
LH:143
end_of_record
SF:lib\main.dart
DA:24,0
DA:25,0
DA:28,0
DA:29,0
DA:32,0
DA:33,0
DA:34,0
DA:35,0
DA:36,0
DA:37,0
DA:40,0
DA:41,0
DA:42,0
DA:46,0
DA:47,0
DA:49,0
DA:50,0
DA:69,1
DA:79,1
DA:81,1
DA:82,1
DA:83,1
DA:84,2
DA:85,1
DA:86,1
DA:87,1
DA:88,1
DA:89,1
DA:91,1
DA:92,0
DA:93,0
DA:94,0
DA:98,1
DA:101,1
DA:103,1
DA:109,1
DA:110,1
DA:111,1
DA:113,1
DA:115,1
LF:40
LH:20
end_of_record
